<?xml version="1.0" encoding="UTF-8"?>
<!-- Generated by org.testng.reporters.JUnitReportReporter -->
<testsuite hostname="LAPTOP-7Q129C8M" failures="0" tests="1" name="MyTestCases.NewTest" time="2.866" errors="0" timestamp="21 Apr 2023 09:29:44 GMT" skipped="0">
  <testcase classname="MyTestCases.NewTest" name="testcase1" time="2.866"/>
</testsuite> <!-- MyTestCases.NewTest -->
