<?xml version="1.0" encoding="UTF-8"?>
<!-- Generated by org.testng.reporters.JUnitReportReporter -->
<testsuite hostname="LAPTOP-7Q129C8M" failures="0" tests="1" name="MyTestCases.testcase_login_01" time="5.623" errors="0" timestamp="23 Apr 2023 09:21:20 GMT" skipped="0">
  <testcase classname="MyTestCases.testcase_login_01" name="loginTest" time="5.623"/>
</testsuite> <!-- MyTestCases.testcase_login_01 -->
